# JRE version: OpenJDK Runtime Environment (11.0.10) (build 11.0.10+0-b96-7249189)
# Java VM: OpenJDK 64-Bit Server VM (11.0.10+0-b96-7249189, mixed mode, tiered, compressed oops, g1 gc, linux-amd64)
Heap:
 garbage-first heap   total 338944K, used 173515K [0x0000000080000000, 0x0000000100000000)
  region size 1024K, 33 young (33792K), 7 survivors (7168K)
 Metaspace       used 140679K, capacity 144570K, committed 145740K, reserved 1175552K
  class space    used 16999K, capacity 18503K, committed 18816K, reserved 1048576K
GC Heap History (20 events):
Event: 9681.061 GC heap before
{Heap before GC invocations=147 (full 0):
 garbage-first heap   total 338944K, used 249099K [0x0000000080000000, 0x0000000100000000)
  region size 1024K, 85 young (87040K), 6 survivors (6144K)
 Metaspace       used 140730K, capacity 144877K, committed 145484K, reserved 1175552K
  class space    used 17057K, capacity 18621K, committed 18816K, reserved 1048576K
}
Event: 9681.069 GC heap after
{Heap after GC invocations=148 (full 0):
 garbage-first heap   total 338944K, used 155251K [0x0000000080000000, 0x0000000100000000)
  region size 1024K, 11 young (11264K), 11 survivors (11264K)
 Metaspace       used 140730K, capacity 144877K, committed 145484K, reserved 1175552K
  class space    used 17057K, capacity 18621K, committed 18816K, reserved 1048576K
}
Event: 9681.081 GC heap before
{Heap before GC invocations=148 (full 0):
 garbage-first heap   total 338944K, used 159347K [0x0000000080000000, 0x0000000100000000)
  region size 1024K, 16 young (16384K), 11 survivors (11264K)
 Metaspace       used 140730K, capacity 144877K, committed 145484K, reserved 1175552K
  class space    used 17057K, capacity 18621K, committed 18816K, reserved 1048576K
}
Event: 9681.098 GC heap after
{Heap after GC invocations=149 (full 0):
 garbage-first heap   total 338944K, used 131152K [0x0000000080000000, 0x0000000100000000)
  region size 1024K, 2 young (2048K), 2 survivors (2048K)
 Metaspace       used 140730K, capacity 144877K, committed 145484K, reserved 1175552K
  class space    used 17057K, capacity 18621K, committed 18816K, reserved 1048576K
}
Event: 9681.112 GC heap before
{Heap before GC invocations=149 (full 0):
 garbage-first heap   total 338944K, used 144464K [0x0000000080000000, 0x0000000100000000)
  region size 1024K, 16 young (16384K), 2 survivors (2048K)
 Metaspace       used 140731K, capacity 144877K, committed 145484K, reserved 1175552K
  class space    used 17057K, capacity 18621K, committed 18816K, reserved 1048576K
}
Event: 9681.122 GC heap after
{Heap after GC invocations=150 (full 0):
 garbage-first heap   total 338944K, used 133358K [0x0000000080000000, 0x0000000100000000)
  region size 1024K, 2 young (2048K), 2 survivors (2048K)
 Metaspace       used 140731K, capacity 144877K, committed 145484K, reserved 1175552K
  class space    used 17057K, capacity 18621K, committed 18816K, reserved 1048576K
}
Event: 9684.169 GC heap before
{Heap before GC invocations=150 (full 0):
 garbage-first heap   total 338944K, used 208110K [0x0000000080000000, 0x0000000100000000)
  region size 1024K, 77 young (78848K), 2 survivors (2048K)
 Metaspace       used 140759K, capacity 144942K, committed 145484K, reserved 1175552K
  class space    used 17057K, capacity 18621K, committed 18816K, reserved 1048576K
}
Event: 9684.178 GC heap after
{Heap after GC invocations=151 (full 0):
 garbage-first heap   total 338944K, used 135885K [0x0000000080000000, 0x0000000100000000)
  region size 1024K, 5 young (5120K), 5 survivors (5120K)
 Metaspace       used 140759K, capacity 144942K, committed 145484K, reserved 1175552K
  class space    used 17057K, capacity 18621K, committed 18816K, reserved 1048576K
}
Event: 9686.504 GC heap before
{Heap before GC invocations=152 (full 0):
 garbage-first heap   total 338944K, used 237936K [0x0000000080000000, 0x0000000100000000)
  region size 1024K, 100 young (102400K), 5 survivors (5120K)
 Metaspace       used 140839K, capacity 145005K, committed 145740K, reserved 1175552K
  class space    used 17056K, capacity 18620K, committed 18816K, reserved 1048576K
}
Event: 9686.516 GC heap after
{Heap after GC invocations=153 (full 0):
 garbage-first heap   total 338944K, used 150023K [0x0000000080000000, 0x0000000100000000)
  region size 1024K, 13 young (13312K), 13 survivors (13312K)
 Metaspace       used 140839K, capacity 145005K, committed 145740K, reserved 1175552K
  class space    used 17056K, capacity 18620K, committed 18816K, reserved 1048576K
}
Event: 9686.521 GC heap before
{Heap before GC invocations=153 (full 0):
 garbage-first heap   total 338944K, used 153095K [0x0000000080000000, 0x0000000100000000)
  region size 1024K, 16 young (16384K), 13 survivors (13312K)
 Metaspace       used 140839K, capacity 145005K, committed 145740K, reserved 1175552K
  class space    used 17056K, capacity 18620K, committed 18816K, reserved 1048576K
}
Event: 9686.532 GC heap after
{Heap after GC invocations=154 (full 0):
 garbage-first heap   total 338944K, used 147962K [0x0000000080000000, 0x0000000100000000)
  region size 1024K, 2 young (2048K), 2 survivors (2048K)
 Metaspace       used 140839K, capacity 145005K, committed 145740K, reserved 1175552K
  class space    used 17056K, capacity 18620K, committed 18816K, reserved 1048576K
}
Event: 9686.636 GC heap before
{Heap before GC invocations=154 (full 0):
 garbage-first heap   total 338944K, used 205306K [0x0000000080000000, 0x0000000100000000)
  region size 1024K, 60 young (61440K), 2 survivors (2048K)
 Metaspace       used 140846K, capacity 145005K, committed 145740K, reserved 1175552K
  class space    used 17056K, capacity 18620K, committed 18816K, reserved 1048576K
}
Event: 9686.643 GC heap after
{Heap after GC invocations=155 (full 0):
 garbage-first heap   total 338944K, used 148620K [0x0000000080000000, 0x0000000100000000)
  region size 1024K, 3 young (3072K), 3 survivors (3072K)
 Metaspace       used 140846K, capacity 145005K, committed 145740K, reserved 1175552K
  class space    used 17056K, capacity 18620K, committed 18816K, reserved 1048576K
}
Event: 10770.814 GC heap before
{Heap before GC invocations=156 (full 0):
 garbage-first heap   total 338944K, used 311436K [0x0000000080000000, 0x0000000100000000)
  region size 1024K, 100 young (102400K), 3 survivors (3072K)
 Metaspace       used 141028K, capacity 145183K, committed 145740K, reserved 1175552K
  class space    used 17077K, capacity 18653K, committed 18816K, reserved 1048576K
}
Event: 10770.831 GC heap after
{Heap after GC invocations=157 (full 0):
 garbage-first heap   total 338944K, used 146353K [0x0000000080000000, 0x0000000100000000)
  region size 1024K, 3 young (3072K), 3 survivors (3072K)
 Metaspace       used 141028K, capacity 145183K, committed 145740K, reserved 1175552K
  class space    used 17077K, capacity 18653K, committed 18816K, reserved 1048576K
}
Event: 11292.655 GC heap before
{Heap before GC invocations=157 (full 0):
 garbage-first heap   total 338944K, used 158641K [0x0000000080000000, 0x0000000100000000)
  region size 1024K, 16 young (16384K), 3 survivors (3072K)
 Metaspace       used 141034K, capacity 145184K, committed 145740K, reserved 1175552K
  class space    used 17078K, capacity 18653K, committed 18816K, reserved 1048576K
}
Event: 11292.665 GC heap after
{Heap after GC invocations=158 (full 0):
 garbage-first heap   total 338944K, used 143367K [0x0000000080000000, 0x0000000100000000)
  region size 1024K, 1 young (1024K), 1 survivors (1024K)
 Metaspace       used 141034K, capacity 145184K, committed 145740K, reserved 1175552K
  class space    used 17078K, capacity 18653K, committed 18816K, reserved 1048576K
}
Event: 12152.910 GC heap before
{Heap before GC invocations=158 (full 0):
 garbage-first heap   total 338944K, used 226311K [0x0000000080000000, 0x0000000100000000)
  region size 1024K, 83 young (84992K), 1 survivors (1024K)
 Metaspace       used 141118K, capacity 145257K, committed 145740K, reserved 1175552K
  class space    used 17079K, capacity 18655K, committed 18816K, reserved 1048576K
}
Event: 12152.929 GC heap after
{Heap after GC invocations=159 (full 0):
 garbage-first heap   total 338944K, used 149963K [0x0000000080000000, 0x0000000100000000)
  region size 1024K, 7 young (7168K), 7 survivors (7168K)
 Metaspace       used 141118K, capacity 145257K, committed 145740K, reserved 1175552K
  class space    used 17079K, capacity 18655K, committed 18816K, reserved 1048576K
}

